<?xml version="1.0" encoding="UTF-8"?>
<!DOCTYPE suite SYSTEM "http://testng.org/testng-1.0.dtd">

<suite name="Suite_1" parallel="none">

  <listeners>
    <listener class-name="com.vmware.rally.automation.testlisteners.RallyTestListener" />
    <listener class-name="com.vmware.rally.automation.testlisteners.RallyInvokedMethodListener" />
  </listeners>

  <test name="Test_1">
    <classes>
      <class name="com.vmware.rally.automation.tests.SampleTest"/>
    </classes>
  </test> <!-- Test_1 -->
  
  
</suite> <!-- Suite_1 -->
